<?xml version="1.0" encoding="UTF-8"?>
<testsuite name="be.groups.glanguage.glanguage.api.entities.test.RuleIdentityMappingTest" time="0.009" tests="3" errors="3" skipped="0" failures="0">
  <properties>
    <property name="idea.version" value="2016.1.2"/>
    <property name="java.runtime.name" value="Java(TM) SE Runtime Environment"/>
    <property name="sun.boot.library.path" value="C:\Program Files\Java\jdk1.8.0_66\jre\bin"/>
    <property name="java.vm.version" value="25.66-b17"/>
    <property name="user.country.format" value="BE"/>
    <property name="java.vm.vendor" value="Oracle Corporation"/>
    <property name="java.vendor.url" value="http://java.oracle.com/"/>
    <property name="path.separator" value=";"/>
    <property name="guice.disable.misplaced.annotation.check" value="true"/>
    <property name="java.vm.name" value="Java HotSpot(TM) 64-Bit Server VM"/>
    <property name="file.encoding.pkg" value="sun.io"/>
    <property name="idea.launcher.port" value="7533"/>
    <property name="user.script" value=""/>
    <property name="user.country" value="US"/>
    <property name="sun.java.launcher" value="SUN_STANDARD"/>
    <property name="sun.os.patch.level" value="Service Pack 1"/>
    <property name="java.vm.specification.name" value="Java Virtual Machine Specification"/>
    <property name="user.dir" value="C:\001_WORKSPACE\303_EXPERIMENTATIONS\glanguage-api"/>
    <property name="java.runtime.version" value="1.8.0_66-b17"/>
    <property name="java.awt.graphicsenv" value="sun.awt.Win32GraphicsEnvironment"/>
    <property name="java.endorsed.dirs" value="C:\Program Files\Java\jdk1.8.0_66\jre\lib\endorsed"/>
    <property name="os.arch" value="amd64"/>
    <property name="java.io.tmpdir" value="C:\Users\michotte\AppData\Local\Temp\"/>
    <property name="line.separator" value="&#10;"/>
    <property name="java.vm.specification.vendor" value="Oracle Corporation"/>
    <property name="user.variant" value=""/>
    <property name="os.name" value="Windows 7"/>
    <property name="classworlds.conf" value="C:\Program Files\JetBrains\IntelliJ IDEA Community Edition 2016.1.2\plugins\maven\lib\maven3\bin\m2.conf"/>
    <property name="sun.jnu.encoding" value="Cp1252"/>
    <property name="java.library.path" value="C:\Program Files\Java\jdk1.8.0_66\bin;C:\Windows\Sun\Java\bin;C:\Windows\system32;C:\Windows;C:\ProgramData\Oracle\Java\javapath;C:\Windows\system32;C:\Windows;C:\Windows\System32\Wbem;C:\Windows\System32\WindowsPowerShell\v1.0\;C:\ORANT10G\bin;c:\pb11dk;C:\ORANT8I\BIN;C:\Program Files (x86)\Oracle\jre\1.1.7\bin;C:\Windows\SysWOW64\;C:\Windows\SysWOW64\Wbem;C:\Program Files (x86)\cvsnt;c:\Program Files (x86)\Microsoft SQL Server\100\Tools\Binn\;c:\Program Files\Microsoft SQL Server\100\Tools\Binn\;c:\Program Files\Microsoft SQL Server\100\DTS\Binn\;C:\Program Files (x86)\InstallShield\2012Spring\System;C:\maven\apache-maven-3.3.1\bin;C:\Program Files\Java\jdk1.8.0_66\bin;C:\Program Files (x86)\Subversion\bin;C:\Program Files\PolicyPak\;."/>
    <property name="java.specification.name" value="Java Platform API Specification"/>
    <property name="java.class.version" value="52.0"/>
    <property name="sun.management.compiler" value="HotSpot 64-Bit Tiered Compilers"/>
    <property name="os.version" value="6.1"/>
    <property name="user.home" value="C:\Users\michotte"/>
    <property name="user.timezone" value="Europe/Paris"/>
    <property name="java.awt.printerjob" value="sun.awt.windows.WPrinterJob"/>
    <property name="java.specification.version" value="1.8"/>
    <property name="idea.launcher.bin.path" value="C:\Program Files\JetBrains\IntelliJ IDEA Community Edition 2016.1.2\bin"/>
    <property name="file.encoding" value="UTF-8"/>
    <property name="user.name" value="michotte"/>
    <property name="java.class.path" value="C:\Program Files\JetBrains\IntelliJ IDEA Community Edition 2016.1.2\plugins\maven\lib\maven3\boot\plexus-classworlds-2.4.jar;C:\Program Files\JetBrains\IntelliJ IDEA Community Edition 2016.1.2\lib\idea_rt.jar"/>
    <property name="java.vm.specification.version" value="1.8"/>
    <property name="sun.arch.data.model" value="64"/>
    <property name="java.home" value="C:\Program Files\Java\jdk1.8.0_66\jre"/>
    <property name="sun.java.command" value="com.intellij.rt.execution.application.AppMain org.codehaus.classworlds.Launcher -Didea.version=2016.1.2 install"/>
    <property name="java.specification.vendor" value="Oracle Corporation"/>
    <property name="user.language" value="en"/>
    <property name="user.language.format" value="fr"/>
    <property name="awt.toolkit" value="sun.awt.windows.WToolkit"/>
    <property name="java.vm.info" value="mixed mode"/>
    <property name="java.version" value="1.8.0_66"/>
    <property name="java.ext.dirs" value="C:\Program Files\Java\jdk1.8.0_66\jre\lib\ext;C:\Windows\Sun\Java\lib\ext"/>
    <property name="sun.boot.class.path" value="C:\Program Files\Java\jdk1.8.0_66\jre\lib\resources.jar;C:\Program Files\Java\jdk1.8.0_66\jre\lib\rt.jar;C:\Program Files\Java\jdk1.8.0_66\jre\lib\sunrsasign.jar;C:\Program Files\Java\jdk1.8.0_66\jre\lib\jsse.jar;C:\Program Files\Java\jdk1.8.0_66\jre\lib\jce.jar;C:\Program Files\Java\jdk1.8.0_66\jre\lib\charsets.jar;C:\Program Files\Java\jdk1.8.0_66\jre\lib\jfr.jar;C:\Program Files\Java\jdk1.8.0_66\jre\classes"/>
    <property name="java.vendor" value="Oracle Corporation"/>
    <property name="maven.home" value="C:\Program Files\JetBrains\IntelliJ IDEA Community Edition 2016.1.2\plugins\maven\lib\maven3"/>
    <property name="file.separator" value="\"/>
    <property name="java.vendor.url.bug" value="http://bugreport.sun.com/bugreport/"/>
    <property name="sun.cpu.endian" value="little"/>
    <property name="sun.io.unicode.encoding" value="UnicodeLittle"/>
    <property name="sun.desktop" value="windows"/>
    <property name="sun.cpu.isalist" value="amd64"/>
  </properties>
  <testcase name="testR1" classname="be.groups.glanguage.glanguage.api.entities.test.RuleIdentityMappingTest" time="0.007">
    <error message="Unknown entity: be.groups.glanguage.glanguage.api.entities.rule.RuleIdentity" type="java.lang.IllegalArgumentException"><![CDATA[java.lang.IllegalArgumentException: Unknown entity: be.groups.glanguage.glanguage.api.entities.rule.RuleIdentity
	at org.hibernate.internal.SessionFactoryImpl.getEntityPersister(SessionFactoryImpl.java:1096)
	at org.hibernate.internal.SessionImpl.locateEntityPersister(SessionImpl.java:2565)
	at org.hibernate.internal.SessionImpl.access$1900(SessionImpl.java:176)
	at org.hibernate.internal.SessionImpl$IdentifierLoadAccessImpl.<init>(SessionImpl.java:2504)
	at org.hibernate.internal.SessionImpl$IdentifierLoadAccessImpl.<init>(SessionImpl.java:2508)
	at org.hibernate.internal.SessionImpl$IdentifierLoadAccessImpl.<init>(SessionImpl.java:2495)
	at org.hibernate.internal.SessionImpl.byId(SessionImpl.java:1043)
	at org.hibernate.internal.SessionImpl.get(SessionImpl.java:955)
	at org.hibernate.jpa.spi.AbstractEntityManagerImpl.find(AbstractEntityManagerImpl.java:1110)
	at org.hibernate.jpa.spi.AbstractEntityManagerImpl.find(AbstractEntityManagerImpl.java:1068)
	at be.groups.glanguage.glanguage.api.entities.test.RuleIdentityMappingTest.testR1(RuleIdentityMappingTest.java:73)
]]></error>
    <system-err><![CDATA[SLF4J: Failed to load class "org.slf4j.impl.StaticLoggerBinder".
SLF4J: Defaulting to no-operation (NOP) logger implementation
SLF4J: See http://www.slf4j.org/codes.html#StaticLoggerBinder for further details.
août 25, 2016 1:14:30 PM org.hibernate.ejb.HibernatePersistence logDeprecation
WARN: HHH015016: Encountered a deprecated javax.persistence.spi.PersistenceProvider [org.hibernate.ejb.HibernatePersistence]; use [org.hibernate.jpa.HibernatePersistenceProvider] instead.
août 25, 2016 1:14:30 PM org.hibernate.ejb.HibernatePersistence logDeprecation
WARN: HHH015016: Encountered a deprecated javax.persistence.spi.PersistenceProvider [org.hibernate.ejb.HibernatePersistence]; use [org.hibernate.jpa.HibernatePersistenceProvider] instead.
août 25, 2016 1:14:30 PM org.hibernate.ejb.HibernatePersistence logDeprecation
WARN: HHH015016: Encountered a deprecated javax.persistence.spi.PersistenceProvider [org.hibernate.ejb.HibernatePersistence]; use [org.hibernate.jpa.HibernatePersistenceProvider] instead.
août 25, 2016 1:14:30 PM org.hibernate.jpa.internal.util.LogHelper logPersistenceUnitInformation
INFO: HHH000204: Processing PersistenceUnitInfo [
	name: lyrics
	...]
août 25, 2016 1:14:30 PM org.hibernate.Version logVersion
INFO: HHH000412: Hibernate Core {4.3.6.Final}
août 25, 2016 1:14:30 PM org.hibernate.cfg.Environment <clinit>
INFO: HHH000206: hibernate.properties not found
août 25, 2016 1:14:30 PM org.hibernate.cfg.Environment buildBytecodeProvider
INFO: HHH000021: Bytecode provider name : javassist
août 25, 2016 1:14:30 PM org.hibernate.annotations.common.reflection.java.JavaReflectionManager <clinit>
INFO: HCANN000001: Hibernate Commons Annotations {4.0.5.Final}
août 25, 2016 1:14:30 PM org.hibernate.engine.jdbc.connections.internal.DriverManagerConnectionProviderImpl configure
WARN: HHH000402: Using Hibernate built-in connection pool (not for production use!)
août 25, 2016 1:14:30 PM org.hibernate.engine.jdbc.connections.internal.DriverManagerConnectionProviderImpl buildCreator
INFO: HHH000401: using driver [null] at URL [jdbc:oracle:thin:@SODEV4]
août 25, 2016 1:14:30 PM org.hibernate.engine.jdbc.connections.internal.DriverManagerConnectionProviderImpl buildCreator
INFO: HHH000046: Connection properties: {user=D10TRU1, password=****}
août 25, 2016 1:14:30 PM org.hibernate.engine.jdbc.connections.internal.DriverManagerConnectionProviderImpl buildCreator
INFO: HHH000006: Autocommit mode: false
août 25, 2016 1:14:30 PM org.hibernate.engine.jdbc.connections.internal.DriverManagerConnectionProviderImpl configure
INFO: HHH000115: Hibernate connection pool size: 20 (min=1)
août 25, 2016 1:14:31 PM org.hibernate.dialect.Dialect <init>
INFO: HHH000400: Using dialect: org.hibernate.dialect.Oracle10gDialect
août 25, 2016 1:14:31 PM org.hibernate.hql.internal.ast.ASTQueryTranslatorFactory <init>
INFO: HHH000397: Using ASTQueryTranslatorFactory
août 25, 2016 1:14:31 PM org.hibernate.validator.internal.util.Version <clinit>
INFO: HV000001: Hibernate Validator 5.1.3.Final
]]></system-err>
  </testcase>
  <testcase name="testR2" classname="be.groups.glanguage.glanguage.api.entities.test.RuleIdentityMappingTest" time="0.002">
    <error message="Unknown entity: be.groups.glanguage.glanguage.api.entities.rule.RuleIdentity" type="java.lang.IllegalArgumentException"><![CDATA[java.lang.IllegalArgumentException: Unknown entity: be.groups.glanguage.glanguage.api.entities.rule.RuleIdentity
	at org.hibernate.internal.SessionFactoryImpl.getEntityPersister(SessionFactoryImpl.java:1096)
	at org.hibernate.internal.SessionImpl.locateEntityPersister(SessionImpl.java:2565)
	at org.hibernate.internal.SessionImpl.access$1900(SessionImpl.java:176)
	at org.hibernate.internal.SessionImpl$IdentifierLoadAccessImpl.<init>(SessionImpl.java:2504)
	at org.hibernate.internal.SessionImpl$IdentifierLoadAccessImpl.<init>(SessionImpl.java:2508)
	at org.hibernate.internal.SessionImpl$IdentifierLoadAccessImpl.<init>(SessionImpl.java:2495)
	at org.hibernate.internal.SessionImpl.byId(SessionImpl.java:1043)
	at org.hibernate.internal.SessionImpl.get(SessionImpl.java:955)
	at org.hibernate.jpa.spi.AbstractEntityManagerImpl.find(AbstractEntityManagerImpl.java:1110)
	at org.hibernate.jpa.spi.AbstractEntityManagerImpl.find(AbstractEntityManagerImpl.java:1068)
	at be.groups.glanguage.glanguage.api.entities.test.RuleIdentityMappingTest.testR2(RuleIdentityMappingTest.java:124)
]]></error>
  </testcase>
  <testcase name="testR3" classname="be.groups.glanguage.glanguage.api.entities.test.RuleIdentityMappingTest" time="0">
    <error message="Unknown entity: be.groups.glanguage.glanguage.api.entities.rule.RuleIdentity" type="java.lang.IllegalArgumentException"><![CDATA[java.lang.IllegalArgumentException: Unknown entity: be.groups.glanguage.glanguage.api.entities.rule.RuleIdentity
	at org.hibernate.internal.SessionFactoryImpl.getEntityPersister(SessionFactoryImpl.java:1096)
	at org.hibernate.internal.SessionImpl.locateEntityPersister(SessionImpl.java:2565)
	at org.hibernate.internal.SessionImpl.access$1900(SessionImpl.java:176)
	at org.hibernate.internal.SessionImpl$IdentifierLoadAccessImpl.<init>(SessionImpl.java:2504)
	at org.hibernate.internal.SessionImpl$IdentifierLoadAccessImpl.<init>(SessionImpl.java:2508)
	at org.hibernate.internal.SessionImpl$IdentifierLoadAccessImpl.<init>(SessionImpl.java:2495)
	at org.hibernate.internal.SessionImpl.byId(SessionImpl.java:1043)
	at org.hibernate.internal.SessionImpl.get(SessionImpl.java:955)
	at org.hibernate.jpa.spi.AbstractEntityManagerImpl.find(AbstractEntityManagerImpl.java:1110)
	at org.hibernate.jpa.spi.AbstractEntityManagerImpl.find(AbstractEntityManagerImpl.java:1068)
	at be.groups.glanguage.glanguage.api.entities.test.RuleIdentityMappingTest.testR3(RuleIdentityMappingTest.java:235)
]]></error>
  </testcase>
</testsuite>